{"level":"info","message":"Servidor conectado al puerto 4001"}
{"level":"error","message":"Error conectando a la base de datos Could not connect to any servers in your MongoDB Atlas cluster. One common reason is that you're trying to access the database from an IP that isn't whitelisted. Make sure your current IP address is on your Atlas cluster's IP whitelist: https://www.mongodb.com/docs/atlas/security-whitelist/","reason":{"commonWireVersion":0,"compatible":true,"heartbeatFrequencyMS":10000,"localThresholdMS":15,"logicalSessionTimeoutMinutes":null,"maxElectionId":null,"maxSetVersion":null,"servers":{"ac-bnu3mhd-shard-00-00.32b7c7n.mongodb.net:27017":{"$clusterTime":null,"address":"ac-bnu3mhd-shard-00-00.32b7c7n.mongodb.net:27017","arbiters":[],"electionId":null,"error":{},"hosts":[],"lastUpdateTime":38892005,"lastWriteDate":0,"logicalSessionTimeoutMinutes":null,"maxWireVersion":0,"me":null,"minRoundTripTime":0,"minWireVersion":0,"passives":[],"primary":null,"roundTripTime":-1,"setName":null,"setVersion":null,"tags":{},"topologyVersion":null,"type":"Unknown"},"ac-bnu3mhd-shard-00-01.32b7c7n.mongodb.net:27017":{"$clusterTime":null,"address":"ac-bnu3mhd-shard-00-01.32b7c7n.mongodb.net:27017","arbiters":[],"electionId":null,"error":{},"hosts":[],"lastUpdateTime":38891918,"lastWriteDate":0,"logicalSessionTimeoutMinutes":null,"maxWireVersion":0,"me":null,"minRoundTripTime":0,"minWireVersion":0,"passives":[],"primary":null,"roundTripTime":-1,"setName":null,"setVersion":null,"tags":{},"topologyVersion":null,"type":"Unknown"},"ac-bnu3mhd-shard-00-02.32b7c7n.mongodb.net:27017":{"$clusterTime":null,"address":"ac-bnu3mhd-shard-00-02.32b7c7n.mongodb.net:27017","arbiters":[],"electionId":null,"error":{},"hosts":[],"lastUpdateTime":38891893,"lastWriteDate":0,"logicalSessionTimeoutMinutes":null,"maxWireVersion":0,"me":null,"minRoundTripTime":0,"minWireVersion":0,"passives":[],"primary":null,"roundTripTime":-1,"setName":null,"setVersion":null,"tags":{},"topologyVersion":null,"type":"Unknown"}},"setName":"atlas-sr7px1-shard-0","stale":false,"type":"ReplicaSetNoPrimary"},"stack":"MongooseServerSelectionError: Could not connect to any servers in your MongoDB Atlas cluster. One common reason is that you're trying to access the database from an IP that isn't whitelisted. Make sure your current IP address is on your Atlas cluster's IP whitelist: https://www.mongodb.com/docs/atlas/security-whitelist/\n    at _handleConnectionErrors (/Users/stevenpatino/Documents/BIT/backend-bicitourx/node_modules/mongoose/lib/connection.js:897:11)\n    at NativeConnection.openUri (/Users/stevenpatino/Documents/BIT/backend-bicitourx/node_modules/mongoose/lib/connection.js:848:11)\n    at async connectDB (/Users/stevenpatino/Documents/BIT/backend-bicitourx/src/db/config.ts:32:9)"}
{"level":"info","message":"Servidor conectado al puerto 4001"}
{"level":"info","message":"DB conectada"}
{"level":"info","message":"Servidor conectado al puerto 3000"}
{"level":"info","message":"DB conectada"}
{"level":"info","message":"Usuario creado exitosamente: stevenwork75@gmail.com"}
{"level":"info","message":"Fetched all events"}
{"level":"info","message":"Fetched all events"}
{"level":"info","message":"Fetched all events"}
{"level":"info","message":"Intento de consulta fallido: usuario con email undefined no fue encontrado."}
{"level":"info","message":"Servidor conectado al puerto 3000"}
{"level":"info","message":"DB conectada"}
{"level":"info","message":"Fetched all events"}
{"level":"info","message":"Inicio de sesión exitoso: stevenwork75@gmail.com"}
{"level":"info","message":"Inicio de sesión exitoso: stevenwork75@gmail.com"}
{"level":"warn","message":"Errores de validación detectados","pw":{"location":"body","msg":"Escribe una contraseña segura con al menos 8 caracteres, una letra mayúscula, minúscula, números y caracteres","path":"pw","type":"field","value":"!Test1"}}
{"level":"info","message":"Fetched all events"}
{"level":"info","message":"Fetched all events"}
{"level":"info","message":"Fetched all events"}
{"level":"info","message":"Fetched all events"}
{"level":"info","message":"Inicio de sesión exitoso: stevenwork75@gmail.com"}
{"level":"info","message":"Inicio de sesión exitoso: stevenwork75@gmail.com"}
{"level":"info","message":"Inicio de sesión exitoso: stevenwork75@gmail.com"}
{"level":"info","message":"Inicio de sesión exitoso: stevenwork75@gmail.com"}
{"level":"info","message":"Inicio de sesión exitoso: stevenwork75@gmail.com"}
{"level":"info","message":"Servidor conectado al puerto 3000"}
{"level":"info","message":"DB conectada"}
{"level":"info","message":"Inicio de sesión exitoso: stevenwork75@gmail.com"}
{"level":"info","message":"Servidor conectado al puerto 3000"}
{"level":"info","message":"DB conectada"}
{"level":"info","message":"Inicio de sesión exitoso: stevenwork75@gmail.com"}
{"level":"info","message":"Inicio de sesión exitoso: stevenwork75@gmail.com"}
{"level":"info","message":"Inicio de sesión exitoso: stevenwork75@gmail.com"}
{"level":"info","message":"Servidor conectado al puerto 3000"}
{"level":"info","message":"DB conectada"}
{"level":"info","message":"Servidor conectado al puerto 3000"}
{"level":"info","message":"DB conectada"}
{"level":"info","message":"Inicio de sesión exitoso: stevenwork75@gmail.com"}
{"level":"info","message":"Inicio de sesión exitoso: stevenwork75@gmail.com"}
{"level":"info","message":"Fetched all events"}
{"level":"info","message":"Servidor conectado al puerto 3000"}
{"level":"info","message":"DB conectada"}
{"level":"info","message":"Inicio de sesión exitoso: stevenwork75@gmail.com"}
{"level":"info","message":"Usuario consultado exitosamente: stevenwork75@gmail.com"}
{"level":"info","message":"Fetched all events"}
{"level":"info","message":"Fetched all events"}
{"level":"info","message":"Event created successfully with ID: 66da29952f970c66375968d6"}
{"level":"info","message":"Servidor conectado al puerto 3000"}
{"level":"info","message":"DB conectada"}
{"level":"info","message":"Fetched all events"}
{"level":"info","message":"Servidor conectado al puerto 3000"}
{"level":"info","message":"DB conectada"}
{"level":"info","message":"Servidor conectado al puerto 3000"}
{"level":"info","message":"DB conectada"}
{"level":"info","message":"Inicio de sesión exitoso: stevenwork75@gmail.com"}
{"level":"info","message":"Fetched all events"}
{"level":"info","message":"Fetched all events"}
{"level":"info","message":"Usuario creado exitosamente: test1@gmail.com"}
{"level":"info","message":"Fetched all events"}
{"level":"error","message":"Error processing request to join event with ID: 66da29952f970c66375968d6, Error: CastError: Cast to ObjectId failed for value \"undefined\" (type string) at path \"_id\" for model \"Users\""}
{"level":"info","message":"Intento de inicio de sesión fallido: test@gmail.com no existe."}
{"level":"info","message":"Intento de registro fallido: test1@gmail.com ya está en uso."}
{"level":"info","message":"Inicio de sesión exitoso: test1@gmail.com"}
{"level":"info","message":"Fetched all events"}
{"code":"EAUTH","command":"API","level":"error","message":"Error al enviar el email a admin@example.com: Missing credentials for \"PLAIN\"","stack":"Error: Missing credentials for \"PLAIN\"\n    at SMTPConnection._formatError (/Users/stevenpatino/Documents/BIT/backend-bicitourx/node_modules/nodemailer/lib/smtp-connection/index.js:798:19)\n    at SMTPConnection.login (/Users/stevenpatino/Documents/BIT/backend-bicitourx/node_modules/nodemailer/lib/smtp-connection/index.js:452:38)\n    at /Users/stevenpatino/Documents/BIT/backend-bicitourx/node_modules/nodemailer/lib/smtp-transport/index.js:272:32\n    at SMTPConnection.<anonymous> (/Users/stevenpatino/Documents/BIT/backend-bicitourx/node_modules/nodemailer/lib/smtp-connection/index.js:215:17)\n    at Object.onceWrapper (node:events:634:28)\n    at SMTPConnection.emit (node:events:520:28)\n    at SMTPConnection.emit (node:domain:488:12)\n    at SMTPConnection._actionEHLO (/Users/stevenpatino/Documents/BIT/backend-bicitourx/node_modules/nodemailer/lib/smtp-connection/index.js:1360:14)\n    at SMTPConnection._processResponse (/Users/stevenpatino/Documents/BIT/backend-bicitourx/node_modules/nodemailer/lib/smtp-connection/index.js:982:20)\n    at SMTPConnection._onData (/Users/stevenpatino/Documents/BIT/backend-bicitourx/node_modules/nodemailer/lib/smtp-connection/index.js:763:14)"}
{"level":"info","message":"Admin notified of user request to join event with ID: 66da29952f970c66375968d6"}
{"level":"info","message":"Servidor conectado al puerto 3000"}
{"level":"info","message":"DB conectada"}
{"code":"EAUTH","command":"API","level":"error","message":"Error al enviar el email a admin@example.com: Missing credentials for \"PLAIN\"","stack":"Error: Missing credentials for \"PLAIN\"\n    at SMTPConnection._formatError (/Users/stevenpatino/Documents/BIT/backend-bicitourx/node_modules/nodemailer/lib/smtp-connection/index.js:798:19)\n    at SMTPConnection.login (/Users/stevenpatino/Documents/BIT/backend-bicitourx/node_modules/nodemailer/lib/smtp-connection/index.js:452:38)\n    at /Users/stevenpatino/Documents/BIT/backend-bicitourx/node_modules/nodemailer/lib/smtp-transport/index.js:272:32\n    at SMTPConnection.<anonymous> (/Users/stevenpatino/Documents/BIT/backend-bicitourx/node_modules/nodemailer/lib/smtp-connection/index.js:215:17)\n    at Object.onceWrapper (node:events:634:28)\n    at SMTPConnection.emit (node:events:520:28)\n    at SMTPConnection.emit (node:domain:488:12)\n    at SMTPConnection._actionEHLO (/Users/stevenpatino/Documents/BIT/backend-bicitourx/node_modules/nodemailer/lib/smtp-connection/index.js:1360:14)\n    at SMTPConnection._processResponse (/Users/stevenpatino/Documents/BIT/backend-bicitourx/node_modules/nodemailer/lib/smtp-connection/index.js:982:20)\n    at SMTPConnection._onData (/Users/stevenpatino/Documents/BIT/backend-bicitourx/node_modules/nodemailer/lib/smtp-connection/index.js:763:14)"}
{"level":"info","message":"Admin notified of user request to join event with ID: 66da29952f970c66375968d6"}
{"level":"info","message":"Servidor conectado al puerto 3000"}
{"level":"info","message":"DB conectada"}
{"code":"EAUTH","command":"AUTH PLAIN","level":"error","message":"Error al enviar el email a admin@example.com: Invalid login: 534-5.7.9 Application-specific password required. For more information, go to\n534 5.7.9  https://support.google.com/mail/?p=InvalidSecondFactor ada2fe7eead31-49bdbe6edf9sm135336137.4 - gsmtp","response":"534-5.7.9 Application-specific password required. For more information, go to\n534 5.7.9  https://support.google.com/mail/?p=InvalidSecondFactor ada2fe7eead31-49bdbe6edf9sm135336137.4 - gsmtp","responseCode":534,"stack":"Error: Invalid login: 534-5.7.9 Application-specific password required. For more information, go to\n534 5.7.9  https://support.google.com/mail/?p=InvalidSecondFactor ada2fe7eead31-49bdbe6edf9sm135336137.4 - gsmtp\n    at SMTPConnection._formatError (/Users/stevenpatino/Documents/BIT/backend-bicitourx/node_modules/nodemailer/lib/smtp-connection/index.js:798:19)\n    at SMTPConnection._actionAUTHComplete (/Users/stevenpatino/Documents/BIT/backend-bicitourx/node_modules/nodemailer/lib/smtp-connection/index.js:1577:34)\n    at SMTPConnection.<anonymous> (/Users/stevenpatino/Documents/BIT/backend-bicitourx/node_modules/nodemailer/lib/smtp-connection/index.js:554:26)\n    at SMTPConnection._processResponse (/Users/stevenpatino/Documents/BIT/backend-bicitourx/node_modules/nodemailer/lib/smtp-connection/index.js:982:20)\n    at SMTPConnection._onData (/Users/stevenpatino/Documents/BIT/backend-bicitourx/node_modules/nodemailer/lib/smtp-connection/index.js:763:14)\n    at TLSSocket.SMTPConnection._onSocketData (/Users/stevenpatino/Documents/BIT/backend-bicitourx/node_modules/nodemailer/lib/smtp-connection/index.js:195:44)\n    at TLSSocket.emit (node:events:520:28)\n    at TLSSocket.emit (node:domain:488:12)\n    at addChunk (node:internal/streams/readable:559:12)\n    at readableAddChunkPushByteMode (node:internal/streams/readable:510:3)"}
{"level":"info","message":"Admin notified of user request to join event with ID: 66da29952f970c66375968d6"}
{"level":"info","message":"Servidor conectado al puerto 3000"}
{"level":"info","message":"DB conectada"}
{"code":"EAUTH","command":"AUTH PLAIN","level":"error","message":"Error al enviar el email a test1@gmail.com: Invalid login: 534-5.7.9 Application-specific password required. For more information, go to\n534 5.7.9  https://support.google.com/mail/?p=InvalidSecondFactor a1e0cc1a2514c-848888f5b69sm102565241.14 - gsmtp","response":"534-5.7.9 Application-specific password required. For more information, go to\n534 5.7.9  https://support.google.com/mail/?p=InvalidSecondFactor a1e0cc1a2514c-848888f5b69sm102565241.14 - gsmtp","responseCode":534,"stack":"Error: Invalid login: 534-5.7.9 Application-specific password required. For more information, go to\n534 5.7.9  https://support.google.com/mail/?p=InvalidSecondFactor a1e0cc1a2514c-848888f5b69sm102565241.14 - gsmtp\n    at SMTPConnection._formatError (/Users/stevenpatino/Documents/BIT/backend-bicitourx/node_modules/nodemailer/lib/smtp-connection/index.js:798:19)\n    at SMTPConnection._actionAUTHComplete (/Users/stevenpatino/Documents/BIT/backend-bicitourx/node_modules/nodemailer/lib/smtp-connection/index.js:1577:34)\n    at SMTPConnection.<anonymous> (/Users/stevenpatino/Documents/BIT/backend-bicitourx/node_modules/nodemailer/lib/smtp-connection/index.js:554:26)\n    at SMTPConnection._processResponse (/Users/stevenpatino/Documents/BIT/backend-bicitourx/node_modules/nodemailer/lib/smtp-connection/index.js:982:20)\n    at SMTPConnection._onData (/Users/stevenpatino/Documents/BIT/backend-bicitourx/node_modules/nodemailer/lib/smtp-connection/index.js:763:14)\n    at TLSSocket.SMTPConnection._onSocketData (/Users/stevenpatino/Documents/BIT/backend-bicitourx/node_modules/nodemailer/lib/smtp-connection/index.js:195:44)\n    at TLSSocket.emit (node:events:520:28)\n    at TLSSocket.emit (node:domain:488:12)\n    at addChunk (node:internal/streams/readable:559:12)\n    at readableAddChunkPushByteMode (node:internal/streams/readable:510:3)"}
{"level":"info","message":"Admin notified of user request to join event with ID: 66da29952f970c66375968d6"}
{"level":"info","message":"Servidor conectado al puerto 3000"}
{"level":"info","message":"DB conectada"}
{"code":"EAUTH","command":"AUTH PLAIN","level":"error","message":"Error al enviar el email a stevenwork75@gmail.com: Invalid login: 534-5.7.9 Application-specific password required. For more information, go to\n534 5.7.9  https://support.google.com/mail/?p=InvalidSecondFactor ada2fe7eead31-49bdbf8e3d9sm126280137.30 - gsmtp","response":"534-5.7.9 Application-specific password required. For more information, go to\n534 5.7.9  https://support.google.com/mail/?p=InvalidSecondFactor ada2fe7eead31-49bdbf8e3d9sm126280137.30 - gsmtp","responseCode":534,"stack":"Error: Invalid login: 534-5.7.9 Application-specific password required. For more information, go to\n534 5.7.9  https://support.google.com/mail/?p=InvalidSecondFactor ada2fe7eead31-49bdbf8e3d9sm126280137.30 - gsmtp\n    at SMTPConnection._formatError (/Users/stevenpatino/Documents/BIT/backend-bicitourx/node_modules/nodemailer/lib/smtp-connection/index.js:798:19)\n    at SMTPConnection._actionAUTHComplete (/Users/stevenpatino/Documents/BIT/backend-bicitourx/node_modules/nodemailer/lib/smtp-connection/index.js:1577:34)\n    at SMTPConnection.<anonymous> (/Users/stevenpatino/Documents/BIT/backend-bicitourx/node_modules/nodemailer/lib/smtp-connection/index.js:554:26)\n    at SMTPConnection._processResponse (/Users/stevenpatino/Documents/BIT/backend-bicitourx/node_modules/nodemailer/lib/smtp-connection/index.js:982:20)\n    at SMTPConnection._onData (/Users/stevenpatino/Documents/BIT/backend-bicitourx/node_modules/nodemailer/lib/smtp-connection/index.js:763:14)\n    at TLSSocket.SMTPConnection._onSocketData (/Users/stevenpatino/Documents/BIT/backend-bicitourx/node_modules/nodemailer/lib/smtp-connection/index.js:195:44)\n    at TLSSocket.emit (node:events:520:28)\n    at TLSSocket.emit (node:domain:488:12)\n    at addChunk (node:internal/streams/readable:559:12)\n    at readableAddChunkPushByteMode (node:internal/streams/readable:510:3)"}
{"level":"info","message":"Admin notified of user request to join event with ID: 66da29952f970c66375968d6"}
{"level":"info","message":"Servidor conectado al puerto 3000"}
{"level":"info","message":"DB conectada"}
{"level":"info","message":"Servidor conectado al puerto 3000"}
{"level":"info","message":"DB conectada"}
{"code":"EAUTH","command":"AUTH PLAIN","level":"error","message":"Error al enviar el email a test1@gmail.com: Invalid login: 534-5.7.9 Application-specific password required. For more information, go to\n534 5.7.9  https://support.google.com/mail/?p=InvalidSecondFactor ada2fe7eead31-49bdbee35e3sm120985137.20 - gsmtp","response":"534-5.7.9 Application-specific password required. For more information, go to\n534 5.7.9  https://support.google.com/mail/?p=InvalidSecondFactor ada2fe7eead31-49bdbee35e3sm120985137.20 - gsmtp","responseCode":534,"stack":"Error: Invalid login: 534-5.7.9 Application-specific password required. For more information, go to\n534 5.7.9  https://support.google.com/mail/?p=InvalidSecondFactor ada2fe7eead31-49bdbee35e3sm120985137.20 - gsmtp\n    at SMTPConnection._formatError (/Users/stevenpatino/Documents/BIT/backend-bicitourx/node_modules/nodemailer/lib/smtp-connection/index.js:798:19)\n    at SMTPConnection._actionAUTHComplete (/Users/stevenpatino/Documents/BIT/backend-bicitourx/node_modules/nodemailer/lib/smtp-connection/index.js:1577:34)\n    at SMTPConnection.<anonymous> (/Users/stevenpatino/Documents/BIT/backend-bicitourx/node_modules/nodemailer/lib/smtp-connection/index.js:554:26)\n    at SMTPConnection._processResponse (/Users/stevenpatino/Documents/BIT/backend-bicitourx/node_modules/nodemailer/lib/smtp-connection/index.js:982:20)\n    at SMTPConnection._onData (/Users/stevenpatino/Documents/BIT/backend-bicitourx/node_modules/nodemailer/lib/smtp-connection/index.js:763:14)\n    at TLSSocket.SMTPConnection._onSocketData (/Users/stevenpatino/Documents/BIT/backend-bicitourx/node_modules/nodemailer/lib/smtp-connection/index.js:195:44)\n    at TLSSocket.emit (node:events:520:28)\n    at TLSSocket.emit (node:domain:488:12)\n    at addChunk (node:internal/streams/readable:559:12)\n    at readableAddChunkPushByteMode (node:internal/streams/readable:510:3)"}
{"level":"info","message":"Admin notified of user request to join event with ID: 66da29952f970c66375968d6"}
{"level":"info","message":"Servidor conectado al puerto 3000"}
{"level":"info","message":"DB conectada"}
{"code":"EAUTH","command":"AUTH PLAIN","level":"error","message":"Error al enviar el email a test1@gmail.com: Invalid login: 534-5.7.9 Application-specific password required. For more information, go to\n534 5.7.9  https://support.google.com/mail/?p=InvalidSecondFactor a1e0cc1a2514c-848889e80fcsm99397241.35 - gsmtp","response":"534-5.7.9 Application-specific password required. For more information, go to\n534 5.7.9  https://support.google.com/mail/?p=InvalidSecondFactor a1e0cc1a2514c-848889e80fcsm99397241.35 - gsmtp","responseCode":534,"stack":"Error: Invalid login: 534-5.7.9 Application-specific password required. For more information, go to\n534 5.7.9  https://support.google.com/mail/?p=InvalidSecondFactor a1e0cc1a2514c-848889e80fcsm99397241.35 - gsmtp\n    at SMTPConnection._formatError (/Users/stevenpatino/Documents/BIT/backend-bicitourx/node_modules/nodemailer/lib/smtp-connection/index.js:798:19)\n    at SMTPConnection._actionAUTHComplete (/Users/stevenpatino/Documents/BIT/backend-bicitourx/node_modules/nodemailer/lib/smtp-connection/index.js:1577:34)\n    at SMTPConnection.<anonymous> (/Users/stevenpatino/Documents/BIT/backend-bicitourx/node_modules/nodemailer/lib/smtp-connection/index.js:554:26)\n    at SMTPConnection._processResponse (/Users/stevenpatino/Documents/BIT/backend-bicitourx/node_modules/nodemailer/lib/smtp-connection/index.js:982:20)\n    at SMTPConnection._onData (/Users/stevenpatino/Documents/BIT/backend-bicitourx/node_modules/nodemailer/lib/smtp-connection/index.js:763:14)\n    at TLSSocket.SMTPConnection._onSocketData (/Users/stevenpatino/Documents/BIT/backend-bicitourx/node_modules/nodemailer/lib/smtp-connection/index.js:195:44)\n    at TLSSocket.emit (node:events:520:28)\n    at TLSSocket.emit (node:domain:488:12)\n    at addChunk (node:internal/streams/readable:559:12)\n    at readableAddChunkPushByteMode (node:internal/streams/readable:510:3)"}
{"level":"info","message":"Admin notified of user request to join event with ID: 66da29952f970c66375968d6"}
{"level":"info","message":"Usuario creado exitosamente: patinorules@live.com"}
{"level":"info","message":"Inicio de sesión exitoso: patinorules@live.com"}
{"level":"info","message":"Fetched all events"}
{"code":"EAUTH","command":"AUTH PLAIN","level":"error","message":"Error al enviar el email a patinorules@live.com: Invalid login: 534-5.7.9 Application-specific password required. For more information, go to\n534 5.7.9  https://support.google.com/mail/?p=InvalidSecondFactor ada2fe7eead31-49bdbf8e8f7sm127233137.32 - gsmtp","response":"534-5.7.9 Application-specific password required. For more information, go to\n534 5.7.9  https://support.google.com/mail/?p=InvalidSecondFactor ada2fe7eead31-49bdbf8e8f7sm127233137.32 - gsmtp","responseCode":534,"stack":"Error: Invalid login: 534-5.7.9 Application-specific password required. For more information, go to\n534 5.7.9  https://support.google.com/mail/?p=InvalidSecondFactor ada2fe7eead31-49bdbf8e8f7sm127233137.32 - gsmtp\n    at SMTPConnection._formatError (/Users/stevenpatino/Documents/BIT/backend-bicitourx/node_modules/nodemailer/lib/smtp-connection/index.js:798:19)\n    at SMTPConnection._actionAUTHComplete (/Users/stevenpatino/Documents/BIT/backend-bicitourx/node_modules/nodemailer/lib/smtp-connection/index.js:1577:34)\n    at SMTPConnection.<anonymous> (/Users/stevenpatino/Documents/BIT/backend-bicitourx/node_modules/nodemailer/lib/smtp-connection/index.js:554:26)\n    at SMTPConnection._processResponse (/Users/stevenpatino/Documents/BIT/backend-bicitourx/node_modules/nodemailer/lib/smtp-connection/index.js:982:20)\n    at SMTPConnection._onData (/Users/stevenpatino/Documents/BIT/backend-bicitourx/node_modules/nodemailer/lib/smtp-connection/index.js:763:14)\n    at TLSSocket.SMTPConnection._onSocketData (/Users/stevenpatino/Documents/BIT/backend-bicitourx/node_modules/nodemailer/lib/smtp-connection/index.js:195:44)\n    at TLSSocket.emit (node:events:520:28)\n    at TLSSocket.emit (node:domain:488:12)\n    at addChunk (node:internal/streams/readable:559:12)\n    at readableAddChunkPushByteMode (node:internal/streams/readable:510:3)"}
{"level":"info","message":"Admin notified of user request to join event with ID: 66da29952f970c66375968d6"}
{"level":"info","message":"Servidor conectado al puerto 3000"}
{"level":"error","message":"Error conectando a la base de datos Could not connect to any servers in your MongoDB Atlas cluster. One common reason is that you're trying to access the database from an IP that isn't whitelisted. Make sure your current IP address is on your Atlas cluster's IP whitelist: https://www.mongodb.com/docs/atlas/security-whitelist/","reason":{"commonWireVersion":0,"compatible":true,"heartbeatFrequencyMS":10000,"localThresholdMS":15,"logicalSessionTimeoutMinutes":null,"maxElectionId":null,"maxSetVersion":null,"servers":{"ac-bnu3mhd-shard-00-00.32b7c7n.mongodb.net:27017":{"$clusterTime":null,"address":"ac-bnu3mhd-shard-00-00.32b7c7n.mongodb.net:27017","arbiters":[],"electionId":null,"error":{},"hosts":[],"lastUpdateTime":1789212,"lastWriteDate":0,"logicalSessionTimeoutMinutes":null,"maxWireVersion":0,"me":null,"minRoundTripTime":0,"minWireVersion":0,"passives":[],"primary":null,"roundTripTime":-1,"setName":null,"setVersion":null,"tags":{},"topologyVersion":null,"type":"Unknown"},"ac-bnu3mhd-shard-00-01.32b7c7n.mongodb.net:27017":{"$clusterTime":null,"address":"ac-bnu3mhd-shard-00-01.32b7c7n.mongodb.net:27017","arbiters":[],"electionId":null,"error":{},"hosts":[],"lastUpdateTime":1788884,"lastWriteDate":0,"logicalSessionTimeoutMinutes":null,"maxWireVersion":0,"me":null,"minRoundTripTime":0,"minWireVersion":0,"passives":[],"primary":null,"roundTripTime":-1,"setName":null,"setVersion":null,"tags":{},"topologyVersion":null,"type":"Unknown"},"ac-bnu3mhd-shard-00-02.32b7c7n.mongodb.net:27017":{"$clusterTime":null,"address":"ac-bnu3mhd-shard-00-02.32b7c7n.mongodb.net:27017","arbiters":[],"electionId":null,"error":{},"hosts":[],"lastUpdateTime":1789408,"lastWriteDate":0,"logicalSessionTimeoutMinutes":null,"maxWireVersion":0,"me":null,"minRoundTripTime":0,"minWireVersion":0,"passives":[],"primary":null,"roundTripTime":-1,"setName":null,"setVersion":null,"tags":{},"topologyVersion":null,"type":"Unknown"}},"setName":"atlas-sr7px1-shard-0","stale":false,"type":"ReplicaSetNoPrimary"},"stack":"MongooseServerSelectionError: Could not connect to any servers in your MongoDB Atlas cluster. One common reason is that you're trying to access the database from an IP that isn't whitelisted. Make sure your current IP address is on your Atlas cluster's IP whitelist: https://www.mongodb.com/docs/atlas/security-whitelist/\n    at _handleConnectionErrors (/Users/stevenpatino/Documents/BIT/backend-bicitourx/node_modules/mongoose/lib/connection.js:897:11)\n    at NativeConnection.openUri (/Users/stevenpatino/Documents/BIT/backend-bicitourx/node_modules/mongoose/lib/connection.js:848:11)"}
{"level":"info","message":"Servidor conectado al puerto 3000"}
{"level":"info","message":"DB conectada"}
